[debug] [2022-11-24T06:26:02.775Z] ----------------------------------------------------------------------
[debug] [2022-11-24T06:26:02.776Z] Command:       C:\Program Files\nodejs\node.exe C:\Users\euanlimzx\AppData\Roaming\npm\node_modules\firebase-tools\lib\bin\firebase.js emulators:start --only functions
[debug] [2022-11-24T06:26:02.776Z] CLI Version:   11.16.1
[debug] [2022-11-24T06:26:02.776Z] Platform:      win32
[debug] [2022-11-24T06:26:02.777Z] Node Version:  v16.18.0
[debug] [2022-11-24T06:26:02.777Z] Time:          Thu Nov 24 2022 14:26:02 GMT+0800 (Singapore Standard Time)
[debug] [2022-11-24T06:26:02.777Z] ----------------------------------------------------------------------
[debug] 
[debug] [2022-11-24T06:26:02.843Z] > command requires scopes: ["email","openid","https://www.googleapis.com/auth/cloudplatformprojects.readonly","https://www.googleapis.com/auth/firebase","https://www.googleapis.com/auth/cloud-platform"]
[debug] [2022-11-24T06:26:02.843Z] > authorizing via signed-in user (euanlimzx@gmail.com)
[info] i  emulators: Starting emulators: functions {"metadata":{"emulator":{"name":"hub"},"message":"Starting emulators: functions"}}
[debug] [2022-11-24T06:26:02.852Z] [logging] Logging Emulator only supports listening on one address (127.0.0.1). Not listening on ::1
[debug] [2022-11-24T06:26:02.852Z] assigned listening specs for emulators {"user":{"hub":[{"address":"127.0.0.1","family":"IPv4","port":4400},{"address":"::1","family":"IPv6","port":4400}],"ui":[{"address":"127.0.0.1","family":"IPv4","port":4000},{"address":"::1","family":"IPv6","port":4000}],"logging":[{"address":"127.0.0.1","family":"IPv4","port":4500}]},"metadata":{"message":"assigned listening specs for emulators"}}
[debug] [2022-11-24T06:26:02.858Z] [hub] writing locator at C:\Users\EUANLI~1\AppData\Local\Temp\hub-nommy-50094.json
[debug] [2022-11-24T06:26:02.873Z] [functions] Functions Emulator only supports listening on one address (127.0.0.1). Not listening on ::1
[debug] [2022-11-24T06:26:02.873Z] [eventarc] Eventarc Emulator only supports listening on one address (127.0.0.1). Not listening on ::1
[debug] [2022-11-24T06:26:02.873Z] late-assigned ports for functions and eventarc emulators {"user":{"hub":[{"address":"127.0.0.1","family":"IPv4","port":4400},{"address":"::1","family":"IPv6","port":4400}],"ui":[{"address":"127.0.0.1","family":"IPv4","port":4000},{"address":"::1","family":"IPv6","port":4000}],"logging":[{"address":"127.0.0.1","family":"IPv4","port":4500}],"functions":[{"address":"127.0.0.1","family":"IPv4","port":5001}],"eventarc":[{"address":"127.0.0.1","family":"IPv4","port":9299}]},"metadata":{"message":"late-assigned ports for functions and eventarc emulators"}}
[warn] !  functions: The following emulators are not running, calls to these services from the Functions emulator will affect production: auth, firestore, database, hosting, pubsub, storage {"metadata":{"emulator":{"name":"functions"},"message":"The following emulators are not running, calls to these services from the Functions emulator will affect production: \u001b[1mauth, firestore, database, hosting, pubsub, storage\u001b[22m"}}
[info] +  functions: Using node@16 from host. {"metadata":{"emulator":{"name":"functions"},"message":"Using node@16 from host."}}
[debug] [2022-11-24T06:26:02.890Z] defaultcredentials: writing to file C:\Users\euanlimzx\AppData\Roaming\firebase\euanlimzx_gmail_com_application_default_credentials.json
[debug] [2022-11-24T06:26:02.893Z] Setting GAC to C:\Users\euanlimzx\AppData\Roaming\firebase\euanlimzx_gmail_com_application_default_credentials.json {"metadata":{"emulator":{"name":"functions"},"message":"Setting GAC to C:\\Users\\euanlimzx\\AppData\\Roaming\\firebase\\euanlimzx_gmail_com_application_default_credentials.json"}}
[debug] [2022-11-24T06:26:02.894Z] >>> [apiv2][query] GET https://firebase.googleapis.com/v1beta1/projects/nommy-50094/adminSdkConfig [none]
[debug] [2022-11-24T06:26:03.461Z] <<< [apiv2][status] GET https://firebase.googleapis.com/v1beta1/projects/nommy-50094/adminSdkConfig 200
[debug] [2022-11-24T06:26:03.461Z] <<< [apiv2][body] GET https://firebase.googleapis.com/v1beta1/projects/nommy-50094/adminSdkConfig {"projectId":"nommy-50094","storageBucket":"nommy-50094.appspot.com"}
[debug] [2022-11-24T06:26:03.478Z] Ignoring unsupported arg: auto_download {"metadata":{"emulator":{"name":"ui"},"message":"Ignoring unsupported arg: auto_download"}}
[debug] [2022-11-24T06:26:03.478Z] Ignoring unsupported arg: port {"metadata":{"emulator":{"name":"ui"},"message":"Ignoring unsupported arg: port"}}
[debug] [2022-11-24T06:26:03.478Z] Starting Emulator UI with command {"binary":"node","args":["C:\\Users\\euanlimzx\\.cache\\firebase\\emulators\\ui-v1.11.1\\server\\server.js"],"optionalArgs":[],"joinArgs":false} {"metadata":{"emulator":{"name":"ui"},"message":"Starting Emulator UI with command {\"binary\":\"node\",\"args\":[\"C:\\\\Users\\\\euanlimzx\\\\.cache\\\\firebase\\\\emulators\\\\ui-v1.11.1\\\\server\\\\server.js\"],\"optionalArgs\":[],\"joinArgs\":false}"}}
[info] i  ui: Emulator UI logging to ui-debug.log {"metadata":{"emulator":{"name":"ui"},"message":"Emulator UI logging to \u001b[1mui-debug.log\u001b[22m"}}
[debug] [2022-11-24T06:26:03.587Z] Web / API server started at 127.0.0.1:4000
 {"metadata":{"emulator":{"name":"ui"},"message":"Web / API server started at 127.0.0.1:4000\n"}}
[debug] [2022-11-24T06:26:03.587Z] Web / API server started at ::1:4000
 {"metadata":{"emulator":{"name":"ui"},"message":"Web / API server started at ::1:4000\n"}}
[info] i  functions: Watching "C:\Users\euanlimzx\MealsToGoToo\functions" for Cloud Functions... {"metadata":{"emulator":{"name":"functions"},"message":"Watching \"C:\\Users\\euanlimzx\\MealsToGoToo\\functions\" for Cloud Functions..."}}
[debug] [2022-11-24T06:26:03.750Z] Validating nodejs source
[warn] !  functions: package.json indicates an outdated version of firebase-functions. Please upgrade using npm install --save firebase-functions@latest in your functions directory. 
[warn] !  functions: Please note that there will be breaking changes when you upgrade. 
[debug] [2022-11-24T06:26:05.716Z] > [functions] package.json contents: {
  "name": "functions",
  "description": "Cloud Functions for Firebase",
  "scripts": {
    "serve": "firebase emulators:start --only functions",
    "shell": "firebase functions:shell",
    "start": "npm run shell",
    "deploy": "firebase deploy --only functions",
    "logs": "firebase functions:log"
  },
  "engines": {
    "node": "16"
  },
  "main": "index.js",
  "dependencies": {
    "firebase-admin": "^10.0.2",
    "firebase-functions": "^3.18.0"
  },
  "devDependencies": {
    "firebase-functions-test": "^0.2.0"
  },
  "private": true
}
[debug] [2022-11-24T06:26:05.716Z] Building nodejs source
[debug] [2022-11-24T06:26:05.716Z] Analyzing nodejs backend spec
[debug] [2022-11-24T06:26:05.717Z] Could not find functions.yaml. Must use http discovery
[debug] [2022-11-24T06:26:05.871Z] Serving at port 9005

[debug] [2022-11-24T06:26:05.926Z] Got response from /__/functions.yaml {"endpoints":{"geocode":{"platform":"gcfv1","httpsTrigger":{},"entryPoint":"geocode"},"placesNearby":{"platform":"gcfv1","httpsTrigger":{},"entryPoint":"placesNearby"}},"specVersion":"v1alpha1","requiredAPIs":[]}
[debug] [2022-11-24T06:26:05.932Z] shutdown requested via /__/quitquitquit

[info] +  functions: Loaded functions definitions from source: geocode, placesNearby. {"metadata":{"emulator":{"name":"functions"},"message":"Loaded functions definitions from source: geocode, placesNearby."}}
[info] +  functions[us-central1-geocode]: http function initialized (http://127.0.0.1:5001/nommy-50094/us-central1/geocode). {"metadata":{"emulator":{"name":"functions"},"message":"\u001b[1mhttp\u001b[22m function initialized (http://127.0.0.1:5001/nommy-50094/us-central1/geocode)."}}
[info] +  functions[us-central1-placesNearby]: http function initialized (http://127.0.0.1:5001/nommy-50094/us-central1/placesNearby). {"metadata":{"emulator":{"name":"functions"},"message":"\u001b[1mhttp\u001b[22m function initialized (http://127.0.0.1:5001/nommy-50094/us-central1/placesNearby)."}}
[info] 
┌─────────────────────────────────────────────────────────────┐
│ ✔  All emulators ready! It is now safe to connect your app. │
│ i  View Emulator UI at http://127.0.0.1:4000/               │
└─────────────────────────────────────────────────────────────┘

┌───────────┬────────────────┬─────────────────────────────────┐
│ Emulator  │ Host:Port      │ View in Emulator UI             │
├───────────┼────────────────┼─────────────────────────────────┤
│ Functions │ 127.0.0.1:5001 │ http://127.0.0.1:4000/functions │
└───────────┴────────────────┴─────────────────────────────────┘
  Emulator Hub running at 127.0.0.1:4400
  Other reserved ports: 4500

Issues? Report them at https://github.com/firebase/firebase-tools/issues and attach the *-debug.log files.
 
[debug] [2022-11-24T06:26:29.882Z] Functions emulator received unknown request at path /http://9e7d-116-14-84-184.ngrok.io/nommy-50094/us-central1/placesNearby
[debug] [2022-11-24T06:26:39.948Z] Functions emulator received unknown request at path /http://9e7d-116-14-84-184.ngrok.io/nommy-50094/us-central1/placesNearby
[debug] [2022-11-24T06:27:27.995Z] [work-queue] {"queueLength":1,"workRunningCount":0}
[debug] [2022-11-24T06:27:27.996Z] [work-queue] {"queueLength":0,"workRunningCount":1}
[debug] [2022-11-24T06:27:27.996Z] Accepted request GET /nommy-50094/us-central1/placesNearby?location=43.653225,-79.383186 --> us-central1-placesNearby
[debug] [2022-11-24T06:27:27.998Z] [functions] Runtime ready! Sending request! {"metadata":{"emulator":{"name":"functions"},"message":"[functions] Runtime ready! Sending request!"}}
[debug] [2022-11-24T06:27:27.999Z] [functions] Got req.url=/nommy-50094/us-central1/placesNearby?location=43.653225,-79.383186, mapping to path=/?location=43.653225,-79.383186 {"metadata":{"emulator":{"name":"functions"},"message":"[functions] Got req.url=/nommy-50094/us-central1/placesNearby?location=43.653225,-79.383186, mapping to path=/?location=43.653225,-79.383186"}}
[debug] [2022-11-24T06:27:28.005Z] [worker-pool] addWorker(us-central1-placesNearby) {"metadata":{"emulator":{"name":"functions"},"message":"[worker-pool] addWorker(us-central1-placesNearby)"}}
[debug] [2022-11-24T06:27:28.005Z] [worker-pool] Adding worker with key us-central1-placesNearby, total=1 {"metadata":{"emulator":{"name":"functions"},"message":"[worker-pool] Adding worker with key us-central1-placesNearby, total=1"}}
[debug] [2022-11-24T06:27:28.877Z] [runtime-status] [10832] Resolved module firebase-admin {"declared":true,"installed":true,"version":"10.3.0","resolution":"C:\\Users\\euanlimzx\\MealsToGoToo\\functions\\node_modules\\firebase-admin\\lib\\index.js"} {"metadata":{"emulator":{"name":"functions"},"function":{"name":"us-central1-placesNearby"},"extension":{},"message":"[runtime-status] [10832] Resolved module firebase-admin {\"declared\":true,\"installed\":true,\"version\":\"10.3.0\",\"resolution\":\"C:\\\\Users\\\\euanlimzx\\\\MealsToGoToo\\\\functions\\\\node_modules\\\\firebase-admin\\\\lib\\\\index.js\"}"}}
[debug] [2022-11-24T06:27:28.878Z] [runtime-status] [10832] Resolved module firebase-functions {"declared":true,"installed":true,"version":"3.24.1","resolution":"C:\\Users\\euanlimzx\\MealsToGoToo\\functions\\node_modules\\firebase-functions\\lib\\index.js"} {"metadata":{"emulator":{"name":"functions"},"function":{"name":"us-central1-placesNearby"},"extension":{},"message":"[runtime-status] [10832] Resolved module firebase-functions {\"declared\":true,\"installed\":true,\"version\":\"3.24.1\",\"resolution\":\"C:\\\\Users\\\\euanlimzx\\\\MealsToGoToo\\\\functions\\\\node_modules\\\\firebase-functions\\\\lib\\\\index.js\"}"}}
[debug] [2022-11-24T06:27:28.878Z] [runtime-status] [10832] Outgoing network have been stubbed. [{"name":"http","status":"mocked"},{"name":"http","status":"mocked"},{"name":"https","status":"mocked"},{"name":"https","status":"mocked"},{"name":"net","status":"mocked"}] {"metadata":{"emulator":{"name":"functions"},"function":{"name":"us-central1-placesNearby"},"extension":{},"message":"[runtime-status] [10832] Outgoing network have been stubbed. [{\"name\":\"http\",\"status\":\"mocked\"},{\"name\":\"http\",\"status\":\"mocked\"},{\"name\":\"https\",\"status\":\"mocked\"},{\"name\":\"https\",\"status\":\"mocked\"},{\"name\":\"net\",\"status\":\"mocked\"}]"}}
[debug] [2022-11-24T06:27:28.879Z] [runtime-status] [10832] Resolved module firebase-functions {"declared":true,"installed":true,"version":"3.24.1","resolution":"C:\\Users\\euanlimzx\\MealsToGoToo\\functions\\node_modules\\firebase-functions\\lib\\index.js"} {"metadata":{"emulator":{"name":"functions"},"function":{"name":"us-central1-placesNearby"},"extension":{},"message":"[runtime-status] [10832] Resolved module firebase-functions {\"declared\":true,\"installed\":true,\"version\":\"3.24.1\",\"resolution\":\"C:\\\\Users\\\\euanlimzx\\\\MealsToGoToo\\\\functions\\\\node_modules\\\\firebase-functions\\\\lib\\\\index.js\"}"}}
[debug] [2022-11-24T06:27:28.913Z] [runtime-status] [10832] Checked functions.config() {"config":{}} {"metadata":{"emulator":{"name":"functions"},"function":{"name":"us-central1-placesNearby"},"extension":{},"message":"[runtime-status] [10832] Checked functions.config() {\"config\":{}}"}}
[debug] [2022-11-24T06:27:28.914Z] [runtime-status] [10832] firebase-functions has been stubbed. {"functionsResolution":{"declared":true,"installed":true,"version":"3.24.1","resolution":"C:\\Users\\euanlimzx\\MealsToGoToo\\functions\\node_modules\\firebase-functions\\lib\\index.js"}} {"metadata":{"emulator":{"name":"functions"},"function":{"name":"us-central1-placesNearby"},"extension":{},"message":"[runtime-status] [10832] firebase-functions has been stubbed. {\"functionsResolution\":{\"declared\":true,\"installed\":true,\"version\":\"3.24.1\",\"resolution\":\"C:\\\\Users\\\\euanlimzx\\\\MealsToGoToo\\\\functions\\\\node_modules\\\\firebase-functions\\\\lib\\\\index.js\"}}"}}
[debug] [2022-11-24T06:27:28.914Z] [runtime-status] [10832] Resolved module firebase-functions {"declared":true,"installed":true,"version":"3.24.1","resolution":"C:\\Users\\euanlimzx\\MealsToGoToo\\functions\\node_modules\\firebase-functions\\lib\\index.js"} {"metadata":{"emulator":{"name":"functions"},"function":{"name":"us-central1-placesNearby"},"extension":{},"message":"[runtime-status] [10832] Resolved module firebase-functions {\"declared\":true,\"installed\":true,\"version\":\"3.24.1\",\"resolution\":\"C:\\\\Users\\\\euanlimzx\\\\MealsToGoToo\\\\functions\\\\node_modules\\\\firebase-functions\\\\lib\\\\index.js\"}"}}
[debug] [2022-11-24T06:27:28.915Z] [runtime-status] [10832] Resolved module firebase-admin {"declared":true,"installed":true,"version":"10.3.0","resolution":"C:\\Users\\euanlimzx\\MealsToGoToo\\functions\\node_modules\\firebase-admin\\lib\\index.js"} {"metadata":{"emulator":{"name":"functions"},"function":{"name":"us-central1-placesNearby"},"extension":{},"message":"[runtime-status] [10832] Resolved module firebase-admin {\"declared\":true,\"installed\":true,\"version\":\"10.3.0\",\"resolution\":\"C:\\\\Users\\\\euanlimzx\\\\MealsToGoToo\\\\functions\\\\node_modules\\\\firebase-admin\\\\lib\\\\index.js\"}"}}
[debug] [2022-11-24T06:27:28.916Z] [runtime-status] [10832] Resolved module firebase-functions {"declared":true,"installed":true,"version":"3.24.1","resolution":"C:\\Users\\euanlimzx\\MealsToGoToo\\functions\\node_modules\\firebase-functions\\lib\\index.js"} {"metadata":{"emulator":{"name":"functions"},"function":{"name":"us-central1-placesNearby"},"extension":{},"message":"[runtime-status] [10832] Resolved module firebase-functions {\"declared\":true,\"installed\":true,\"version\":\"3.24.1\",\"resolution\":\"C:\\\\Users\\\\euanlimzx\\\\MealsToGoToo\\\\functions\\\\node_modules\\\\firebase-functions\\\\lib\\\\index.js\"}"}}
[debug] [2022-11-24T06:27:28.916Z] [runtime-status] [10832] firebase-admin has been stubbed. {"adminResolution":{"declared":true,"installed":true,"version":"10.3.0","resolution":"C:\\Users\\euanlimzx\\MealsToGoToo\\functions\\node_modules\\firebase-admin\\lib\\index.js"}} {"metadata":{"emulator":{"name":"functions"},"function":{"name":"us-central1-placesNearby"},"extension":{},"message":"[runtime-status] [10832] firebase-admin has been stubbed. {\"adminResolution\":{\"declared\":true,\"installed\":true,\"version\":\"10.3.0\",\"resolution\":\"C:\\\\Users\\\\euanlimzx\\\\MealsToGoToo\\\\functions\\\\node_modules\\\\firebase-admin\\\\lib\\\\index.js\"}}"}}
[debug] [2022-11-24T06:27:28.925Z] [runtime-status] [10832] Functions runtime initialized. {"cwd":"C:\\Users\\euanlimzx\\MealsToGoToo\\functions","node_version":"16.18.0"} {"metadata":{"emulator":{"name":"functions"},"function":{"name":"us-central1-placesNearby"},"extension":{},"message":"[runtime-status] [10832] Functions runtime initialized. {\"cwd\":\"C:\\\\Users\\\\euanlimzx\\\\MealsToGoToo\\\\functions\",\"node_version\":\"16.18.0\"}"}}
[debug] [2022-11-24T06:27:28.925Z] [runtime-status] [10832] Listening to port: \\?\pipe\fire_emu_384e407202ad84c4 {"metadata":{"emulator":{"name":"functions"},"function":{"name":"us-central1-placesNearby"},"extension":{},"message":"[runtime-status] [10832] Listening to port: \\\\?\\pipe\\fire_emu_384e407202ad84c4"}}
[debug] [2022-11-24T06:27:28.984Z] [worker-us-central1-placesNearby-5dbddbea-b389-4f38-92a4-d57a158bcec4]: IDLE {"metadata":{"emulator":{"name":"functions"},"message":"[worker-us-central1-placesNearby-5dbddbea-b389-4f38-92a4-d57a158bcec4]: IDLE"}}
[debug] [2022-11-24T06:27:28.984Z] [worker-pool] submitRequest(triggerId=us-central1-placesNearby) {"metadata":{"emulator":{"name":"functions"},"message":"[worker-pool] submitRequest(triggerId=us-central1-placesNearby)"}}
[debug] [2022-11-24T06:27:28.985Z] [worker-us-central1-placesNearby-5dbddbea-b389-4f38-92a4-d57a158bcec4]: BUSY {"metadata":{"emulator":{"name":"functions"},"message":"[worker-us-central1-placesNearby-5dbddbea-b389-4f38-92a4-d57a158bcec4]: BUSY"}}
[info] i  functions: Beginning execution of "placesNearby" {"metadata":{"emulator":{"name":"functions"},"function":{"name":"us-central1-placesNearby"},"extension":{},"message":"Beginning execution of \"placesNearby\""}}
[debug] [2022-11-24T06:27:28.989Z] [worker-us-central1-placesNearby-5dbddbea-b389-4f38-92a4-d57a158bcec4]: IDLE {"metadata":{"emulator":{"name":"functions"},"message":"[worker-us-central1-placesNearby-5dbddbea-b389-4f38-92a4-d57a158bcec4]: IDLE"}}
[debug] [2022-11-24T06:27:28.990Z] [work-queue] {"queueLength":0,"workRunningCount":0}
[info] i  functions: Finished "placesNearby" in 2.1782ms {"metadata":{"emulator":{"name":"functions"},"function":{"name":"us-central1-placesNearby"},"extension":{},"message":"Finished \"placesNearby\" in 2.1782ms"}}
[debug] [2022-11-24T06:27:30.061Z] Functions emulator received unknown request at path /favicon.ico
